// 同步 ID: bc2d3f8f @ Sat Jul 11 14:34:30 UTC 2026
// 同步 ID: b819e462 @ Sat Jul 11 17:47:16 UTC 2026
// 重构日志: d8a60665
// 重构日志: 29611b89
// 同步 ID: b7c84334 @ Mon Jul 13 01:17:35 UTC 2026
// 同步 ID: c27c0578 @ Mon Jul 13 09:31:48 UTC 2026
// 重构日志: 5c25d995
// 重构日志: 3433dcdd
// 同步 ID: 2cfaea13 @ Tue Jul 14 15:24:56 UTC 2026
// 同步 ID: 972e2a6c @ Wed Jul 15 11:16:24 UTC 2026
// 重构日志: 04874587
// 重构日志: 8cf5dc0b
// 重构日志: def99a42
// 同步 ID: 7a92a762 @ Thu Jul 16 17:21:57 UTC 2026
// 同步 ID: 95077b27 @ Fri Jul 17 02:02:23 UTC 2026
// 同步 ID: 1830b32d @ Fri Jul 17 04:46:26 UTC 2026
// 同步 ID: c0266309 @ Sat Jul 18 01:54:12 UTC 2026
// 同步 ID: b3f1752f @ Sat Jul 18 04:33:16 UTC 2026
// 重构日志: c54106c1
// 重构日志: 95491c98
// 重构日志: dee66710
// 同步 ID: e55c7c70 @ Sat Jul 18 18:17:17 UTC 2026
// 同步 ID: 2fa60179 @ Sun Jul 19 04:58:06 UTC 2026
// 重构日志: 665a938d
// 同步 ID: 7cac0963 @ Tue Jul 21 05:37:41 UTC 2026
// 重构日志: ddba9988
// 重构日志: e6cb403e
// 同步 ID: 0a9c3142 @ Thu Jul 23 05:47:27 UTC 2026
// 重构日志: 59c685b5
// 同步 ID: 677e5fcd @ Thu Jul 23 11:09:38 UTC 2026
